[2025-06-26T07:28:47.996Z] LeadDetailsModal - INITIAL_DATA
{
  "lead": {
    "id": "cmcd2am4g000nny705ts9rndv",
    "status": "PENDING",
    "createdAt": "2025-06-26T07:28:32.896Z",
    "updatedAt": "2025-06-26T07:28:32.896Z",
    "buyerInfo": {
      "name": "πανα τρ",
      "email": "panatr@pana.gr",
      "phone": null
    },
    "agentInfo": null,
    "notes": null
  },
  "property": {
    "title": "ΕΦΑΡΜΟΓΗ ΠΑΓΚΡΑΤΙ ",
    "details": {
      "id": "cmb9hg2cm0001ny4wwtburcfj",
      "location": ", Πατησίων  142",
      "price": 1500000,
      "bedrooms": 3,
      "bathrooms": 5,
      "area": 120,
      "featuresCount": 0,
      "imagesCount": 1
    }
  },
  "updates": {
    "totalUpdates": 0,
    "updatesByCategory": {
      "appointment": 0,
      "offer": 0,
      "contract": 0,
      "payment": 0,
      "completion": 0,
      "general": 0
    },
    "unreadUpdates": 0
  },
  "currentStage": "PENDING"
}

[2025-06-26T07:28:47.993Z] LeadDetailsModal - INITIAL_DATA
{
  "lead": {
    "id": "cmcd2am4g000nny705ts9rndv",
    "status": "PENDING",
    "createdAt": "2025-06-26T07:28:32.896Z",
    "updatedAt": "2025-06-26T07:28:32.896Z",
    "buyerInfo": {
      "name": "πανα τρ",
      "email": "panatr@pana.gr",
      "phone": null
    },
    "agentInfo": null,
    "notes": null
  },
  "property": {
    "title": "ΕΦΑΡΜΟΓΗ ΠΑΓΚΡΑΤΙ ",
    "details": {
      "id": "cmb9hg2cm0001ny4wwtburcfj",
      "location": ", Πατησίων  142",
      "price": 1500000,
      "bedrooms": 3,
      "bathrooms": 5,
      "area": 120,
      "featuresCount": 0,
      "imagesCount": 1
    }
  },
  "updates": {
    "totalUpdates": 0,
    "updatesByCategory": {
      "appointment": 0,
      "offer": 0,
      "contract": 0,
      "payment": 0,
      "completion": 0,
      "general": 0
    },
    "unreadUpdates": 0
  },
  "currentStage": "PENDING"
}

[2025-06-26T07:38:39.734Z] LeadDetailsModal - INITIAL_DATA
{
  "lead": {
    "id": "cmcd2am4g000nny705ts9rndv",
    "status": "PENDING",
    "createdAt": "2025-06-26T07:28:32.896Z",
    "updatedAt": "2025-06-26T07:28:32.896Z",
    "buyerInfo": {
      "name": "πανα τρ",
      "email": "panatr@pana.gr",
      "phone": null
    },
    "agentInfo": null,
    "notes": null
  },
  "property": {
    "title": "ΕΦΑΡΜΟΓΗ ΠΑΓΚΡΑΤΙ ",
    "details": {
      "id": "cmb9hg2cm0001ny4wwtburcfj",
      "location": ", Πατησίων  142",
      "price": 1500000,
      "bedrooms": 3,
      "bathrooms": 5,
      "area": 120,
      "featuresCount": 0,
      "imagesCount": 1
    }
  },
  "updates": {
    "totalUpdates": 0,
    "updatesByCategory": {
      "appointment": 0,
      "offer": 0,
      "contract": 0,
      "payment": 0,
      "completion": 0,
      "general": 0
    },
    "unreadUpdates": 0
  },
  "currentStage": "PENDING"
}

[2025-06-26T07:38:39.735Z] LeadDetailsModal - INITIAL_DATA
{
  "lead": {
    "id": "cmcd2am4g000nny705ts9rndv",
    "status": "PENDING",
    "createdAt": "2025-06-26T07:28:32.896Z",
    "updatedAt": "2025-06-26T07:28:32.896Z",
    "buyerInfo": {
      "name": "πανα τρ",
      "email": "panatr@pana.gr",
      "phone": null
    },
    "agentInfo": null,
    "notes": null
  },
  "property": {
    "title": "ΕΦΑΡΜΟΓΗ ΠΑΓΚΡΑΤΙ ",
    "details": {
      "id": "cmb9hg2cm0001ny4wwtburcfj",
      "location": ", Πατησίων  142",
      "price": 1500000,
      "bedrooms": 3,
      "bathrooms": 5,
      "area": 120,
      "featuresCount": 0,
      "imagesCount": 1
    }
  },
  "updates": {
    "totalUpdates": 0,
    "updatesByCategory": {
      "appointment": 0,
      "offer": 0,
      "contract": 0,
      "payment": 0,
      "completion": 0,
      "general": 0
    },
    "unreadUpdates": 0
  },
  "currentStage": "PENDING"
}

[2025-06-26T07:38:56.951Z] LeadDetailsModal - INITIAL_DATA
{
  "lead": {
    "id": "cmcd2am4g000nny705ts9rndv",
    "status": "PENDING",
    "createdAt": "2025-06-26T07:28:32.896Z",
    "updatedAt": "2025-06-26T07:28:32.896Z",
    "buyerInfo": {
      "name": "πανα τρ",
      "email": "panatr@pana.gr",
      "phone": null
    },
    "agentInfo": null,
    "notes": null
  },
  "property": {
    "title": "ΕΦΑΡΜΟΓΗ ΠΑΓΚΡΑΤΙ ",
    "details": {
      "id": "cmb9hg2cm0001ny4wwtburcfj",
      "location": ", Πατησίων  142",
      "price": 1500000,
      "bedrooms": 3,
      "bathrooms": 5,
      "area": 120,
      "featuresCount": 0,
      "imagesCount": 1
    }
  },
  "updates": {
    "totalUpdates": 0,
    "updatesByCategory": {
      "appointment": 0,
      "offer": 0,
      "contract": 0,
      "payment": 0,
      "completion": 0,
      "general": 0
    },
    "unreadUpdates": 0
  },
  "currentStage": "PENDING"
}

[2025-06-26T07:38:56.952Z] LeadDetailsModal - INITIAL_DATA
{
  "lead": {
    "id": "cmcd2am4g000nny705ts9rndv",
    "status": "PENDING",
    "createdAt": "2025-06-26T07:28:32.896Z",
    "updatedAt": "2025-06-26T07:28:32.896Z",
    "buyerInfo": {
      "name": "πανα τρ",
      "email": "panatr@pana.gr",
      "phone": null
    },
    "agentInfo": null,
    "notes": null
  },
  "property": {
    "title": "ΕΦΑΡΜΟΓΗ ΠΑΓΚΡΑΤΙ ",
    "details": {
      "id": "cmb9hg2cm0001ny4wwtburcfj",
      "location": ", Πατησίων  142",
      "price": 1500000,
      "bedrooms": 3,
      "bathrooms": 5,
      "area": 120,
      "featuresCount": 0,
      "imagesCount": 1
    }
  },
  "updates": {
    "totalUpdates": 0,
    "updatesByCategory": {
      "appointment": 0,
      "offer": 0,
      "contract": 0,
      "payment": 0,
      "completion": 0,
      "general": 0
    },
    "unreadUpdates": 0
  },
  "currentStage": "PENDING"
}

[2025-06-26T07:54:34.712Z] LeadDetailsModal - INITIAL_DATA
{
  "lead": {
    "id": "cmc9db9se0019nynkvdw1ij0l",
    "status": "PENDING",
    "createdAt": "2025-06-23T17:25:54.638Z",
    "updatedAt": "2025-06-23T17:25:54.638Z",
    "buyerInfo": {
      "name": "πανα τρ",
      "email": "panatr@pana.gr",
      "phone": null
    },
    "agentInfo": null,
    "notes": null
  },
  "property": {
    "title": "Σπίτι Κεφαλονιά ",
    "details": {
      "id": "cmbpe220a0021nyx0d23qeq3q",
      "location": ", Ματραγκου 15",
      "price": 50000,
      "bedrooms": 5,
      "bathrooms": 4,
      "area": 130,
      "featuresCount": 0,
      "imagesCount": 1
    }
  },
  "updates": {
    "totalUpdates": 0,
    "updatesByCategory": {
      "appointment": 0,
      "offer": 0,
      "contract": 0,
      "payment": 0,
      "completion": 0,
      "general": 0
    },
    "unreadUpdates": 0
  },
  "currentStage": "PENDING"
}

[2025-06-26T07:54:34.713Z] LeadDetailsModal - INITIAL_DATA
{
  "lead": {
    "id": "cmc9db9se0019nynkvdw1ij0l",
    "status": "PENDING",
    "createdAt": "2025-06-23T17:25:54.638Z",
    "updatedAt": "2025-06-23T17:25:54.638Z",
    "buyerInfo": {
      "name": "πανα τρ",
      "email": "panatr@pana.gr",
      "phone": null
    },
    "agentInfo": null,
    "notes": null
  },
  "property": {
    "title": "Σπίτι Κεφαλονιά ",
    "details": {
      "id": "cmbpe220a0021nyx0d23qeq3q",
      "location": ", Ματραγκου 15",
      "price": 50000,
      "bedrooms": 5,
      "bathrooms": 4,
      "area": 130,
      "featuresCount": 0,
      "imagesCount": 1
    }
  },
  "updates": {
    "totalUpdates": 0,
    "updatesByCategory": {
      "appointment": 0,
      "offer": 0,
      "contract": 0,
      "payment": 0,
      "completion": 0,
      "general": 0
    },
    "unreadUpdates": 0
  },
  "currentStage": "PENDING"
}

[2025-06-26T08:08:26.040Z] LeadDetailsModal - INITIAL_DATA
{
  "lead": {
    "id": "sj6kivpqh1qtrds2l8ixjc2e",
    "status": "PENDING",
    "createdAt": "2025-05-07T12:35:19.258Z",
    "updatedAt": "2025-05-13T06:58:47.494Z",
    "buyerInfo": {
      "name": "πανα τρ",
      "email": "panatr@pana.gr",
      "phone": null
    },
    "agentInfo": {
      "name": "AGENT",
      "email": "AGENT@AGENT.GR",
      "phone": "6989786776"
    },
    "notes": null
  },
  "property": {
    "title": "ΠΑΛΑΙΟ ΦΑΛΗΡΟ 1",
    "details": {
      "id": "cm9yasvxo0003nylk2b2lz8lb",
      "location": "Αθηνα, αιολου  61",
      "price": 1200000,
      "bedrooms": 5,
      "bathrooms": 4,
      "area": 370,
      "featuresCount": 0,
      "imagesCount": 1
    }
  },
  "updates": {
    "totalUpdates": 0,
    "updatesByCategory": {
      "appointment": 0,
      "offer": 0,
      "contract": 0,
      "payment": 0,
      "completion": 0,
      "general": 0
    },
    "unreadUpdates": 0
  },
  "currentStage": "PENDING"
}

[2025-06-26T08:08:26.043Z] LeadDetailsModal - INITIAL_DATA
{
  "lead": {
    "id": "sj6kivpqh1qtrds2l8ixjc2e",
    "status": "PENDING",
    "createdAt": "2025-05-07T12:35:19.258Z",
    "updatedAt": "2025-05-13T06:58:47.494Z",
    "buyerInfo": {
      "name": "πανα τρ",
      "email": "panatr@pana.gr",
      "phone": null
    },
    "agentInfo": {
      "name": "AGENT",
      "email": "AGENT@AGENT.GR",
      "phone": "6989786776"
    },
    "notes": null
  },
  "property": {
    "title": "ΠΑΛΑΙΟ ΦΑΛΗΡΟ 1",
    "details": {
      "id": "cm9yasvxo0003nylk2b2lz8lb",
      "location": "Αθηνα, αιολου  61",
      "price": 1200000,
      "bedrooms": 5,
      "bathrooms": 4,
      "area": 370,
      "featuresCount": 0,
      "imagesCount": 1
    }
  },
  "updates": {
    "totalUpdates": 0,
    "updatesByCategory": {
      "appointment": 0,
      "offer": 0,
      "contract": 0,
      "payment": 0,
      "completion": 0,
      "general": 0
    },
    "unreadUpdates": 0
  },
  "currentStage": "PENDING"
}

[2025-06-26T08:08:32.439Z] LeadDetailsModal - INITIAL_DATA
{
  "lead": {
    "id": "sj6kivpqh1qtrds2l8ixjc2e",
    "status": "PENDING",
    "createdAt": "2025-05-07T12:35:19.258Z",
    "updatedAt": "2025-05-13T06:58:47.494Z",
    "buyerInfo": {
      "name": "πανα τρ",
      "email": "panatr@pana.gr",
      "phone": null
    },
    "agentInfo": {
      "name": "AGENT",
      "email": "AGENT@AGENT.GR",
      "phone": "6989786776"
    },
    "notes": null
  },
  "property": {
    "title": "ΠΑΛΑΙΟ ΦΑΛΗΡΟ 1",
    "details": {
      "id": "cm9yasvxo0003nylk2b2lz8lb",
      "location": "Αθηνα, αιολου  61",
      "price": 1200000,
      "bedrooms": 5,
      "bathrooms": 4,
      "area": 370,
      "featuresCount": 0,
      "imagesCount": 1
    }
  },
  "updates": {
    "totalUpdates": 0,
    "updatesByCategory": {
      "appointment": 0,
      "offer": 0,
      "contract": 0,
      "payment": 0,
      "completion": 0,
      "general": 0
    },
    "unreadUpdates": 0
  },
  "currentStage": "PENDING"
}

[2025-06-26T08:08:32.441Z] LeadDetailsModal - INITIAL_DATA
{
  "lead": {
    "id": "sj6kivpqh1qtrds2l8ixjc2e",
    "status": "PENDING",
    "createdAt": "2025-05-07T12:35:19.258Z",
    "updatedAt": "2025-05-13T06:58:47.494Z",
    "buyerInfo": {
      "name": "πανα τρ",
      "email": "panatr@pana.gr",
      "phone": null
    },
    "agentInfo": {
      "name": "AGENT",
      "email": "AGENT@AGENT.GR",
      "phone": "6989786776"
    },
    "notes": null
  },
  "property": {
    "title": "ΠΑΛΑΙΟ ΦΑΛΗΡΟ 1",
    "details": {
      "id": "cm9yasvxo0003nylk2b2lz8lb",
      "location": "Αθηνα, αιολου  61",
      "price": 1200000,
      "bedrooms": 5,
      "bathrooms": 4,
      "area": 370,
      "featuresCount": 0,
      "imagesCount": 1
    }
  },
  "updates": {
    "totalUpdates": 0,
    "updatesByCategory": {
      "appointment": 0,
      "offer": 0,
      "contract": 0,
      "payment": 0,
      "completion": 0,
      "general": 0
    },
    "unreadUpdates": 0
  },
  "currentStage": "PENDING"
}

[2025-06-26T13:11:28.561Z] LeadDetailsModal - INITIAL_DATA
{
  "lead": {
    "id": "sj6kivpqh1qtrds2l8ixjc2e",
    "status": "PENDING",
    "createdAt": "2025-05-07T12:35:19.258Z",
    "updatedAt": "2025-05-13T06:58:47.494Z",
    "buyerInfo": {
      "name": "πανα τρ",
      "email": "panatr@pana.gr",
      "phone": null
    },
    "agentInfo": {
      "name": "AGENT",
      "email": "AGENT@AGENT.GR",
      "phone": "6989786776"
    },
    "notes": null
  },
  "property": {
    "title": "ΠΑΛΑΙΟ ΦΑΛΗΡΟ 1",
    "details": {
      "id": "cm9yasvxo0003nylk2b2lz8lb",
      "location": "Αθηνα, αιολου  61",
      "price": 1200000,
      "bedrooms": 5,
      "bathrooms": 4,
      "area": 370,
      "featuresCount": 0,
      "imagesCount": 1
    }
  },
  "updates": {
    "totalUpdates": 0,
    "updatesByCategory": {
      "appointment": 0,
      "offer": 0,
      "contract": 0,
      "payment": 0,
      "completion": 0,
      "general": 0
    },
    "unreadUpdates": 0
  },
  "currentStage": "PENDING"
}

[2025-06-26T13:11:28.563Z] LeadDetailsModal - INITIAL_DATA
{
  "lead": {
    "id": "sj6kivpqh1qtrds2l8ixjc2e",
    "status": "PENDING",
    "createdAt": "2025-05-07T12:35:19.258Z",
    "updatedAt": "2025-05-13T06:58:47.494Z",
    "buyerInfo": {
      "name": "πανα τρ",
      "email": "panatr@pana.gr",
      "phone": null
    },
    "agentInfo": {
      "name": "AGENT",
      "email": "AGENT@AGENT.GR",
      "phone": "6989786776"
    },
    "notes": null
  },
  "property": {
    "title": "ΠΑΛΑΙΟ ΦΑΛΗΡΟ 1",
    "details": {
      "id": "cm9yasvxo0003nylk2b2lz8lb",
      "location": "Αθηνα, αιολου  61",
      "price": 1200000,
      "bedrooms": 5,
      "bathrooms": 4,
      "area": 370,
      "featuresCount": 0,
      "imagesCount": 1
    }
  },
  "updates": {
    "totalUpdates": 0,
    "updatesByCategory": {
      "appointment": 0,
      "offer": 0,
      "contract": 0,
      "payment": 0,
      "completion": 0,
      "general": 0
    },
    "unreadUpdates": 0
  },
  "currentStage": "PENDING"
}

[2025-06-26T13:12:04.634Z] LeadDetailsModal - INITIAL_DATA
{
  "lead": {
    "id": "sj6kivpqh1qtrds2l8ixjc2e",
    "status": "PENDING",
    "createdAt": "2025-05-07T12:35:19.258Z",
    "updatedAt": "2025-05-13T06:58:47.494Z",
    "buyerInfo": {
      "name": "πανα τρ",
      "email": "panatr@pana.gr",
      "phone": null
    },
    "agentInfo": {
      "name": "AGENT",
      "email": "AGENT@AGENT.GR",
      "phone": "6989786776"
    },
    "notes": null
  },
  "property": {
    "title": "ΠΑΛΑΙΟ ΦΑΛΗΡΟ 1",
    "details": {
      "id": "cm9yasvxo0003nylk2b2lz8lb",
      "location": "Αθηνα, αιολου  61",
      "price": 1200000,
      "bedrooms": 5,
      "bathrooms": 4,
      "area": 370,
      "featuresCount": 0,
      "imagesCount": 1
    }
  },
  "updates": {
    "totalUpdates": 0,
    "updatesByCategory": {
      "appointment": 0,
      "offer": 0,
      "contract": 0,
      "payment": 0,
      "completion": 0,
      "general": 0
    },
    "unreadUpdates": 0
  },
  "currentStage": "PENDING"
}

[2025-06-26T13:12:04.635Z] LeadDetailsModal - INITIAL_DATA
{
  "lead": {
    "id": "sj6kivpqh1qtrds2l8ixjc2e",
    "status": "PENDING",
    "createdAt": "2025-05-07T12:35:19.258Z",
    "updatedAt": "2025-05-13T06:58:47.494Z",
    "buyerInfo": {
      "name": "πανα τρ",
      "email": "panatr@pana.gr",
      "phone": null
    },
    "agentInfo": {
      "name": "AGENT",
      "email": "AGENT@AGENT.GR",
      "phone": "6989786776"
    },
    "notes": null
  },
  "property": {
    "title": "ΠΑΛΑΙΟ ΦΑΛΗΡΟ 1",
    "details": {
      "id": "cm9yasvxo0003nylk2b2lz8lb",
      "location": "Αθηνα, αιολου  61",
      "price": 1200000,
      "bedrooms": 5,
      "bathrooms": 4,
      "area": 370,
      "featuresCount": 0,
      "imagesCount": 1
    }
  },
  "updates": {
    "totalUpdates": 0,
    "updatesByCategory": {
      "appointment": 0,
      "offer": 0,
      "contract": 0,
      "payment": 0,
      "completion": 0,
      "general": 0
    },
    "unreadUpdates": 0
  },
  "currentStage": "PENDING"
}

[2025-06-26T13:12:17.296Z] LeadDetailsModal - INITIAL_DATA
{
  "lead": {
    "id": "sj6kivpqh1qtrds2l8ixjc2e",
    "status": "PENDING",
    "createdAt": "2025-05-07T12:35:19.258Z",
    "updatedAt": "2025-05-13T06:58:47.494Z",
    "buyerInfo": {
      "name": "πανα τρ",
      "email": "panatr@pana.gr",
      "phone": null
    },
    "agentInfo": {
      "name": "AGENT",
      "email": "AGENT@AGENT.GR",
      "phone": "6989786776"
    },
    "notes": null
  },
  "property": {
    "title": "ΠΑΛΑΙΟ ΦΑΛΗΡΟ 1",
    "details": {
      "id": "cm9yasvxo0003nylk2b2lz8lb",
      "location": "Αθηνα, αιολου  61",
      "price": 1200000,
      "bedrooms": 5,
      "bathrooms": 4,
      "area": 370,
      "featuresCount": 0,
      "imagesCount": 1
    }
  },
  "updates": {
    "totalUpdates": 0,
    "updatesByCategory": {
      "appointment": 0,
      "offer": 0,
      "contract": 0,
      "payment": 0,
      "completion": 0,
      "general": 0
    },
    "unreadUpdates": 0
  },
  "currentStage": "PENDING"
}

[2025-06-26T13:12:17.297Z] LeadDetailsModal - INITIAL_DATA
{
  "lead": {
    "id": "sj6kivpqh1qtrds2l8ixjc2e",
    "status": "PENDING",
    "createdAt": "2025-05-07T12:35:19.258Z",
    "updatedAt": "2025-05-13T06:58:47.494Z",
    "buyerInfo": {
      "name": "πανα τρ",
      "email": "panatr@pana.gr",
      "phone": null
    },
    "agentInfo": {
      "name": "AGENT",
      "email": "AGENT@AGENT.GR",
      "phone": "6989786776"
    },
    "notes": null
  },
  "property": {
    "title": "ΠΑΛΑΙΟ ΦΑΛΗΡΟ 1",
    "details": {
      "id": "cm9yasvxo0003nylk2b2lz8lb",
      "location": "Αθηνα, αιολου  61",
      "price": 1200000,
      "bedrooms": 5,
      "bathrooms": 4,
      "area": 370,
      "featuresCount": 0,
      "imagesCount": 1
    }
  },
  "updates": {
    "totalUpdates": 0,
    "updatesByCategory": {
      "appointment": 0,
      "offer": 0,
      "contract": 0,
      "payment": 0,
      "completion": 0,
      "general": 0
    },
    "unreadUpdates": 0
  },
  "currentStage": "PENDING"
}

[2025-06-26T13:12:22.381Z] LeadDetailsModal - INITIAL_DATA
{
  "lead": {
    "id": "sj6kivpqh1qtrds2l8ixjc2e",
    "status": "PENDING",
    "createdAt": "2025-05-07T12:35:19.258Z",
    "updatedAt": "2025-05-13T06:58:47.494Z",
    "buyerInfo": {
      "name": "πανα τρ",
      "email": "panatr@pana.gr",
      "phone": null
    },
    "agentInfo": {
      "name": "AGENT",
      "email": "AGENT@AGENT.GR",
      "phone": "6989786776"
    },
    "notes": null
  },
  "property": {
    "title": "ΠΑΛΑΙΟ ΦΑΛΗΡΟ 1",
    "details": {
      "id": "cm9yasvxo0003nylk2b2lz8lb",
      "location": "Αθηνα, αιολου  61",
      "price": 1200000,
      "bedrooms": 5,
      "bathrooms": 4,
      "area": 370,
      "featuresCount": 0,
      "imagesCount": 1
    }
  },
  "updates": {
    "totalUpdates": 0,
    "updatesByCategory": {
      "appointment": 0,
      "offer": 0,
      "contract": 0,
      "payment": 0,
      "completion": 0,
      "general": 0
    },
    "unreadUpdates": 0
  },
  "currentStage": "PENDING"
}

[2025-06-26T13:12:22.383Z] LeadDetailsModal - INITIAL_DATA
{
  "lead": {
    "id": "sj6kivpqh1qtrds2l8ixjc2e",
    "status": "PENDING",
    "createdAt": "2025-05-07T12:35:19.258Z",
    "updatedAt": "2025-05-13T06:58:47.494Z",
    "buyerInfo": {
      "name": "πανα τρ",
      "email": "panatr@pana.gr",
      "phone": null
    },
    "agentInfo": {
      "name": "AGENT",
      "email": "AGENT@AGENT.GR",
      "phone": "6989786776"
    },
    "notes": null
  },
  "property": {
    "title": "ΠΑΛΑΙΟ ΦΑΛΗΡΟ 1",
    "details": {
      "id": "cm9yasvxo0003nylk2b2lz8lb",
      "location": "Αθηνα, αιολου  61",
      "price": 1200000,
      "bedrooms": 5,
      "bathrooms": 4,
      "area": 370,
      "featuresCount": 0,
      "imagesCount": 1
    }
  },
  "updates": {
    "totalUpdates": 0,
    "updatesByCategory": {
      "appointment": 0,
      "offer": 0,
      "contract": 0,
      "payment": 0,
      "completion": 0,
      "general": 0
    },
    "unreadUpdates": 0
  },
  "currentStage": "PENDING"
}

[2025-06-26T13:15:45.046Z] LeadDetailsModal - INITIAL_DATA
{
  "lead": {
    "id": "sj6kivpqh1qtrds2l8ixjc2e",
    "status": "PENDING",
    "createdAt": "2025-05-07T12:35:19.258Z",
    "updatedAt": "2025-05-13T06:58:47.494Z",
    "buyerInfo": {
      "name": "πανα τρ",
      "email": "panatr@pana.gr",
      "phone": null
    },
    "agentInfo": {
      "name": "AGENT",
      "email": "AGENT@AGENT.GR",
      "phone": "6989786776"
    },
    "notes": null
  },
  "property": {
    "title": "ΠΑΛΑΙΟ ΦΑΛΗΡΟ 1",
    "details": {
      "id": "cm9yasvxo0003nylk2b2lz8lb",
      "location": "Αθηνα, αιολου  61",
      "price": 1200000,
      "bedrooms": 5,
      "bathrooms": 4,
      "area": 370,
      "featuresCount": 0,
      "imagesCount": 1
    }
  },
  "updates": {
    "totalUpdates": 0,
    "updatesByCategory": {
      "appointment": 0,
      "offer": 0,
      "contract": 0,
      "payment": 0,
      "completion": 0,
      "general": 0
    },
    "unreadUpdates": 0
  },
  "currentStage": "PENDING"
}

[2025-06-26T13:15:45.048Z] LeadDetailsModal - INITIAL_DATA
{
  "lead": {
    "id": "sj6kivpqh1qtrds2l8ixjc2e",
    "status": "PENDING",
    "createdAt": "2025-05-07T12:35:19.258Z",
    "updatedAt": "2025-05-13T06:58:47.494Z",
    "buyerInfo": {
      "name": "πανα τρ",
      "email": "panatr@pana.gr",
      "phone": null
    },
    "agentInfo": {
      "name": "AGENT",
      "email": "AGENT@AGENT.GR",
      "phone": "6989786776"
    },
    "notes": null
  },
  "property": {
    "title": "ΠΑΛΑΙΟ ΦΑΛΗΡΟ 1",
    "details": {
      "id": "cm9yasvxo0003nylk2b2lz8lb",
      "location": "Αθηνα, αιολου  61",
      "price": 1200000,
      "bedrooms": 5,
      "bathrooms": 4,
      "area": 370,
      "featuresCount": 0,
      "imagesCount": 1
    }
  },
  "updates": {
    "totalUpdates": 0,
    "updatesByCategory": {
      "appointment": 0,
      "offer": 0,
      "contract": 0,
      "payment": 0,
      "completion": 0,
      "general": 0
    },
    "unreadUpdates": 0
  },
  "currentStage": "PENDING"
}

[2025-06-26T13:15:48.968Z] LeadDetailsModal - INITIAL_DATA
{
  "lead": {
    "id": "sj6kivpqh1qtrds2l8ixjc2e",
    "status": "PENDING",
    "createdAt": "2025-05-07T12:35:19.258Z",
    "updatedAt": "2025-05-13T06:58:47.494Z",
    "buyerInfo": {
      "name": "πανα τρ",
      "email": "panatr@pana.gr",
      "phone": null
    },
    "agentInfo": {
      "name": "AGENT",
      "email": "AGENT@AGENT.GR",
      "phone": "6989786776"
    },
    "notes": null
  },
  "property": {
    "title": "ΠΑΛΑΙΟ ΦΑΛΗΡΟ 1",
    "details": {
      "id": "cm9yasvxo0003nylk2b2lz8lb",
      "location": "Αθηνα, αιολου  61",
      "price": 1200000,
      "bedrooms": 5,
      "bathrooms": 4,
      "area": 370,
      "featuresCount": 0,
      "imagesCount": 1
    }
  },
  "updates": {
    "totalUpdates": 0,
    "updatesByCategory": {
      "appointment": 0,
      "offer": 0,
      "contract": 0,
      "payment": 0,
      "completion": 0,
      "general": 0
    },
    "unreadUpdates": 0
  },
  "currentStage": "PENDING"
}

[2025-06-26T13:15:48.969Z] LeadDetailsModal - INITIAL_DATA
{
  "lead": {
    "id": "sj6kivpqh1qtrds2l8ixjc2e",
    "status": "PENDING",
    "createdAt": "2025-05-07T12:35:19.258Z",
    "updatedAt": "2025-05-13T06:58:47.494Z",
    "buyerInfo": {
      "name": "πανα τρ",
      "email": "panatr@pana.gr",
      "phone": null
    },
    "agentInfo": {
      "name": "AGENT",
      "email": "AGENT@AGENT.GR",
      "phone": "6989786776"
    },
    "notes": null
  },
  "property": {
    "title": "ΠΑΛΑΙΟ ΦΑΛΗΡΟ 1",
    "details": {
      "id": "cm9yasvxo0003nylk2b2lz8lb",
      "location": "Αθηνα, αιολου  61",
      "price": 1200000,
      "bedrooms": 5,
      "bathrooms": 4,
      "area": 370,
      "featuresCount": 0,
      "imagesCount": 1
    }
  },
  "updates": {
    "totalUpdates": 0,
    "updatesByCategory": {
      "appointment": 0,
      "offer": 0,
      "contract": 0,
      "payment": 0,
      "completion": 0,
      "general": 0
    },
    "unreadUpdates": 0
  },
  "currentStage": "PENDING"
}

[2025-06-26T13:17:42.146Z] LeadDetailsModal - INITIAL_DATA
{
  "lead": {
    "id": "sj6kivpqh1qtrds2l8ixjc2e",
    "status": "PENDING",
    "createdAt": "2025-05-07T12:35:19.258Z",
    "updatedAt": "2025-05-13T06:58:47.494Z",
    "buyerInfo": {
      "name": "πανα τρ",
      "email": "panatr@pana.gr",
      "phone": null
    },
    "agentInfo": {
      "name": "AGENT",
      "email": "AGENT@AGENT.GR",
      "phone": "6989786776"
    },
    "notes": null
  },
  "property": {
    "title": "ΠΑΛΑΙΟ ΦΑΛΗΡΟ 1",
    "details": {
      "id": "cm9yasvxo0003nylk2b2lz8lb",
      "location": "Αθηνα, αιολου  61",
      "price": 1200000,
      "bedrooms": 5,
      "bathrooms": 4,
      "area": 370,
      "featuresCount": 0,
      "imagesCount": 1
    }
  },
  "updates": {
    "totalUpdates": 0,
    "updatesByCategory": {
      "appointment": 0,
      "offer": 0,
      "contract": 0,
      "payment": 0,
      "completion": 0,
      "general": 0
    },
    "unreadUpdates": 0
  },
  "currentStage": "PENDING"
}

[2025-06-26T13:17:42.147Z] LeadDetailsModal - INITIAL_DATA
{
  "lead": {
    "id": "sj6kivpqh1qtrds2l8ixjc2e",
    "status": "PENDING",
    "createdAt": "2025-05-07T12:35:19.258Z",
    "updatedAt": "2025-05-13T06:58:47.494Z",
    "buyerInfo": {
      "name": "πανα τρ",
      "email": "panatr@pana.gr",
      "phone": null
    },
    "agentInfo": {
      "name": "AGENT",
      "email": "AGENT@AGENT.GR",
      "phone": "6989786776"
    },
    "notes": null
  },
  "property": {
    "title": "ΠΑΛΑΙΟ ΦΑΛΗΡΟ 1",
    "details": {
      "id": "cm9yasvxo0003nylk2b2lz8lb",
      "location": "Αθηνα, αιολου  61",
      "price": 1200000,
      "bedrooms": 5,
      "bathrooms": 4,
      "area": 370,
      "featuresCount": 0,
      "imagesCount": 1
    }
  },
  "updates": {
    "totalUpdates": 0,
    "updatesByCategory": {
      "appointment": 0,
      "offer": 0,
      "contract": 0,
      "payment": 0,
      "completion": 0,
      "general": 0
    },
    "unreadUpdates": 0
  },
  "currentStage": "PENDING"
}

[2025-06-26T13:17:49.869Z] LeadDetailsModal - INITIAL_DATA
{
  "lead": {
    "id": "sj6kivpqh1qtrds2l8ixjc2e",
    "status": "PENDING",
    "createdAt": "2025-05-07T12:35:19.258Z",
    "updatedAt": "2025-05-13T06:58:47.494Z",
    "buyerInfo": {
      "name": "πανα τρ",
      "email": "panatr@pana.gr",
      "phone": null
    },
    "agentInfo": {
      "name": "AGENT",
      "email": "AGENT@AGENT.GR",
      "phone": "6989786776"
    },
    "notes": null
  },
  "property": {
    "title": "ΠΑΛΑΙΟ ΦΑΛΗΡΟ 1",
    "details": {
      "id": "cm9yasvxo0003nylk2b2lz8lb",
      "location": "Αθηνα, αιολου  61",
      "price": 1200000,
      "bedrooms": 5,
      "bathrooms": 4,
      "area": 370,
      "featuresCount": 0,
      "imagesCount": 1
    }
  },
  "updates": {
    "totalUpdates": 0,
    "updatesByCategory": {
      "appointment": 0,
      "offer": 0,
      "contract": 0,
      "payment": 0,
      "completion": 0,
      "general": 0
    },
    "unreadUpdates": 0
  },
  "currentStage": "PENDING"
}

[2025-06-26T13:17:49.870Z] LeadDetailsModal - INITIAL_DATA
{
  "lead": {
    "id": "sj6kivpqh1qtrds2l8ixjc2e",
    "status": "PENDING",
    "createdAt": "2025-05-07T12:35:19.258Z",
    "updatedAt": "2025-05-13T06:58:47.494Z",
    "buyerInfo": {
      "name": "πανα τρ",
      "email": "panatr@pana.gr",
      "phone": null
    },
    "agentInfo": {
      "name": "AGENT",
      "email": "AGENT@AGENT.GR",
      "phone": "6989786776"
    },
    "notes": null
  },
  "property": {
    "title": "ΠΑΛΑΙΟ ΦΑΛΗΡΟ 1",
    "details": {
      "id": "cm9yasvxo0003nylk2b2lz8lb",
      "location": "Αθηνα, αιολου  61",
      "price": 1200000,
      "bedrooms": 5,
      "bathrooms": 4,
      "area": 370,
      "featuresCount": 0,
      "imagesCount": 1
    }
  },
  "updates": {
    "totalUpdates": 0,
    "updatesByCategory": {
      "appointment": 0,
      "offer": 0,
      "contract": 0,
      "payment": 0,
      "completion": 0,
      "general": 0
    },
    "unreadUpdates": 0
  },
  "currentStage": "PENDING"
}

[2025-06-26T13:17:56.642Z] LeadDetailsModal - INITIAL_DATA
{
  "lead": {
    "id": "sj6kivpqh1qtrds2l8ixjc2e",
    "status": "PENDING",
    "createdAt": "2025-05-07T12:35:19.258Z",
    "updatedAt": "2025-05-13T06:58:47.494Z",
    "buyerInfo": {
      "name": "πανα τρ",
      "email": "panatr@pana.gr",
      "phone": null
    },
    "agentInfo": {
      "name": "AGENT",
      "email": "AGENT@AGENT.GR",
      "phone": "6989786776"
    },
    "notes": null
  },
  "property": {
    "title": "ΠΑΛΑΙΟ ΦΑΛΗΡΟ 1",
    "details": {
      "id": "cm9yasvxo0003nylk2b2lz8lb",
      "location": "Αθηνα, αιολου  61",
      "price": 1200000,
      "bedrooms": 5,
      "bathrooms": 4,
      "area": 370,
      "featuresCount": 0,
      "imagesCount": 1
    }
  },
  "updates": {
    "totalUpdates": 0,
    "updatesByCategory": {
      "appointment": 0,
      "offer": 0,
      "contract": 0,
      "payment": 0,
      "completion": 0,
      "general": 0
    },
    "unreadUpdates": 0
  },
  "currentStage": "PENDING"
}

[2025-06-26T13:17:56.644Z] LeadDetailsModal - INITIAL_DATA
{
  "lead": {
    "id": "sj6kivpqh1qtrds2l8ixjc2e",
    "status": "PENDING",
    "createdAt": "2025-05-07T12:35:19.258Z",
    "updatedAt": "2025-05-13T06:58:47.494Z",
    "buyerInfo": {
      "name": "πανα τρ",
      "email": "panatr@pana.gr",
      "phone": null
    },
    "agentInfo": {
      "name": "AGENT",
      "email": "AGENT@AGENT.GR",
      "phone": "6989786776"
    },
    "notes": null
  },
  "property": {
    "title": "ΠΑΛΑΙΟ ΦΑΛΗΡΟ 1",
    "details": {
      "id": "cm9yasvxo0003nylk2b2lz8lb",
      "location": "Αθηνα, αιολου  61",
      "price": 1200000,
      "bedrooms": 5,
      "bathrooms": 4,
      "area": 370,
      "featuresCount": 0,
      "imagesCount": 1
    }
  },
  "updates": {
    "totalUpdates": 0,
    "updatesByCategory": {
      "appointment": 0,
      "offer": 0,
      "contract": 0,
      "payment": 0,
      "completion": 0,
      "general": 0
    },
    "unreadUpdates": 0
  },
  "currentStage": "PENDING"
}

