[2025-06-04T13:15:03.789Z] LeadDetailsModal - INITIAL_DATA
{
  "lead": {
    "id": "cm9ybn36t000jnylk4cs1iakd",
    "status": "FINAL_SIGNING",
    "createdAt": "2025-04-26T14:34:14.114Z",
    "updatedAt": "2025-04-27T16:06:44.731Z",
    "buyerInfo": {
      "name": "BUYER1",
      "email": "BUYER1@BUYER.GR",
      "phone": null
    },
    "agentInfo": null,
    "notes": null
  },
  "property": {
    "title": "AKINHTO 1",
    "details": {
      "id": "cm9ybmfo9000bnylkzzkct06l",
      "location": "τεστ1, τεστ 7",
      "price": 200000,
      "bedrooms": 5,
      "bathrooms": 5,
      "area": 120,
      "featuresCount": 0,
      "imagesCount": 1
    }
  },
  "updates": {
    "totalUpdates": 13,
    "updatesByCategory": {
      "appointment": 0,
      "offer": 0,
      "contract": 0,
      "payment": 0,
      "completion": 0,
      "general": 0
    },
    "unreadUpdates": 0
  },
  "currentStage": "FINAL_SIGNING"
}

[2025-06-04T13:15:03.791Z] LeadDetailsModal - INITIAL_DATA
{
  "lead": {
    "id": "cm9ybn36t000jnylk4cs1iakd",
    "status": "FINAL_SIGNING",
    "createdAt": "2025-04-26T14:34:14.114Z",
    "updatedAt": "2025-04-27T16:06:44.731Z",
    "buyerInfo": {
      "name": "BUYER1",
      "email": "BUYER1@BUYER.GR",
      "phone": null
    },
    "agentInfo": null,
    "notes": null
  },
  "property": {
    "title": "AKINHTO 1",
    "details": {
      "id": "cm9ybmfo9000bnylkzzkct06l",
      "location": "τεστ1, τεστ 7",
      "price": 200000,
      "bedrooms": 5,
      "bathrooms": 5,
      "area": 120,
      "featuresCount": 0,
      "imagesCount": 1
    }
  },
  "updates": {
    "totalUpdates": 13,
    "updatesByCategory": {
      "appointment": 0,
      "offer": 0,
      "contract": 0,
      "payment": 0,
      "completion": 0,
      "general": 0
    },
    "unreadUpdates": 0
  },
  "currentStage": "FINAL_SIGNING"
}

