[2025-06-09T10:38:53.913Z] LeadDetailsModal - INITIAL_DATA
{
  "lead": {
    "id": "w9xq35nbptxvgqgtxcnbypsq",
    "status": "DEPOSIT_PAID",
    "createdAt": "2025-06-07T11:20:41.586Z",
    "updatedAt": "2025-06-09T10:38:37.120Z",
    "buyerInfo": {
      "name": "Agor",
      "email": "agor@agor.gr",
      "phone": null
    },
    "agentInfo": {
      "name": "lima ",
      "email": "lima@lima.gr",
      "phone": "6955555555"
    },
    "notes": null
  },
  "property": {
    "title": "AKINHTO 1",
    "details": {
      "id": "cm9ybmfo9000bnylkzzkct06l",
      "location": "τεστ1, τεστ 7",
      "price": 200000,
      "bedrooms": 5,
      "bathrooms": 5,
      "area": 120,
      "featuresCount": 0,
      "imagesCount": 1
    }
  },
  "updates": {
    "totalUpdates": 1,
    "updatesByCategory": {
      "appointment": 0,
      "offer": 0,
      "contract": 0,
      "payment": 0,
      "completion": 0,
      "general": 0
    },
    "unreadUpdates": 0
  },
  "currentStage": "DEPOSIT_PAID"
}

[2025-06-09T10:38:53.912Z] LeadDetailsModal - INITIAL_DATA
{
  "lead": {
    "id": "w9xq35nbptxvgqgtxcnbypsq",
    "status": "DEPOSIT_PAID",
    "createdAt": "2025-06-07T11:20:41.586Z",
    "updatedAt": "2025-06-09T10:38:37.120Z",
    "buyerInfo": {
      "name": "Agor",
      "email": "agor@agor.gr",
      "phone": null
    },
    "agentInfo": {
      "name": "lima ",
      "email": "lima@lima.gr",
      "phone": "6955555555"
    },
    "notes": null
  },
  "property": {
    "title": "AKINHTO 1",
    "details": {
      "id": "cm9ybmfo9000bnylkzzkct06l",
      "location": "τεστ1, τεστ 7",
      "price": 200000,
      "bedrooms": 5,
      "bathrooms": 5,
      "area": 120,
      "featuresCount": 0,
      "imagesCount": 1
    }
  },
  "updates": {
    "totalUpdates": 1,
    "updatesByCategory": {
      "appointment": 0,
      "offer": 0,
      "contract": 0,
      "payment": 0,
      "completion": 0,
      "general": 0
    },
    "unreadUpdates": 0
  },
  "currentStage": "DEPOSIT_PAID"
}

[2025-06-09T10:58:14.013Z] LeadDetailsModal - INITIAL_DATA
{
  "lead": {
    "id": "cmbozaiv1000fnyncct1uily5",
    "status": "MEETING_SCHEDULED",
    "createdAt": "2025-06-09T10:58:01.597Z",
    "updatedAt": "2025-06-09T10:58:01.610Z",
    "buyerInfo": {
      "name": "Agor",
      "email": "agor@agor.gr",
      "phone": null
    },
    "agentInfo": null,
    "notes": null
  },
  "property": {
    "title": "Πατησίων Διαμέρισμα ",
    "details": {
      "id": "cmbky3o61001rnyr8ohdbhvex",
      "location": ", Πατησιων  18",
      "price": 60000,
      "bedrooms": 5,
      "bathrooms": 4,
      "area": 135,
      "featuresCount": 0,
      "imagesCount": 1
    }
  },
  "updates": {
    "totalUpdates": 1,
    "updatesByCategory": {
      "appointment": 0,
      "offer": 0,
      "contract": 0,
      "payment": 0,
      "completion": 0,
      "general": 0
    },
    "unreadUpdates": 0
  },
  "currentStage": "MEETING_SCHEDULED"
}

[2025-06-09T10:58:14.015Z] LeadDetailsModal - INITIAL_DATA
{
  "lead": {
    "id": "cmbozaiv1000fnyncct1uily5",
    "status": "MEETING_SCHEDULED",
    "createdAt": "2025-06-09T10:58:01.597Z",
    "updatedAt": "2025-06-09T10:58:01.610Z",
    "buyerInfo": {
      "name": "Agor",
      "email": "agor@agor.gr",
      "phone": null
    },
    "agentInfo": null,
    "notes": null
  },
  "property": {
    "title": "Πατησίων Διαμέρισμα ",
    "details": {
      "id": "cmbky3o61001rnyr8ohdbhvex",
      "location": ", Πατησιων  18",
      "price": 60000,
      "bedrooms": 5,
      "bathrooms": 4,
      "area": 135,
      "featuresCount": 0,
      "imagesCount": 1
    }
  },
  "updates": {
    "totalUpdates": 1,
    "updatesByCategory": {
      "appointment": 0,
      "offer": 0,
      "contract": 0,
      "payment": 0,
      "completion": 0,
      "general": 0
    },
    "unreadUpdates": 0
  },
  "currentStage": "MEETING_SCHEDULED"
}

[2025-06-09T16:42:07.003Z] LeadDetailsModal - INITIAL_DATA
{
  "lead": {
    "id": "cmbp8408h000znync56jt4wew",
    "status": "FINAL_SIGNING",
    "createdAt": "2025-06-09T15:04:54.062Z",
    "updatedAt": "2025-06-09T16:18:43.919Z",
    "buyerInfo": {
      "name": "Agor",
      "email": "agor@agor.gr",
      "phone": null
    },
    "agentInfo": null,
    "notes": null
  },
  "property": {
    "title": "Επαγγελματικός Χώρος Αργοστόλι ",
    "details": {
      "id": "cmbakrrj60009ny04xxv8s3py",
      "location": ", Βυρωνος  7",
      "price": 500000,
      "bedrooms": 0,
      "bathrooms": 0,
      "area": 120,
      "featuresCount": 0,
      "imagesCount": 1
    }
  },
  "updates": {
    "totalUpdates": 5,
    "updatesByCategory": {
      "appointment": 0,
      "offer": 0,
      "contract": 0,
      "payment": 0,
      "completion": 0,
      "general": 0
    },
    "unreadUpdates": 0
  },
  "currentStage": "FINAL_SIGNING"
}

[2025-06-09T16:42:07.005Z] LeadDetailsModal - INITIAL_DATA
{
  "lead": {
    "id": "cmbp8408h000znync56jt4wew",
    "status": "FINAL_SIGNING",
    "createdAt": "2025-06-09T15:04:54.062Z",
    "updatedAt": "2025-06-09T16:18:43.919Z",
    "buyerInfo": {
      "name": "Agor",
      "email": "agor@agor.gr",
      "phone": null
    },
    "agentInfo": null,
    "notes": null
  },
  "property": {
    "title": "Επαγγελματικός Χώρος Αργοστόλι ",
    "details": {
      "id": "cmbakrrj60009ny04xxv8s3py",
      "location": ", Βυρωνος  7",
      "price": 500000,
      "bedrooms": 0,
      "bathrooms": 0,
      "area": 120,
      "featuresCount": 0,
      "imagesCount": 1
    }
  },
  "updates": {
    "totalUpdates": 5,
    "updatesByCategory": {
      "appointment": 0,
      "offer": 0,
      "contract": 0,
      "payment": 0,
      "completion": 0,
      "general": 0
    },
    "unreadUpdates": 0
  },
  "currentStage": "FINAL_SIGNING"
}

