[2025-05-09T09:48:59.021Z] LeadDetailsModal - INITIAL_DATA
{
  "lead": {
    "id": "hmnbf3j35bi7fzzyqq7khm06",
    "status": "PENDING",
    "createdAt": "2025-05-09T08:36:47.725Z",
    "updatedAt": "2025-05-09T08:36:47.725Z",
    "buyerInfo": {
      "name": "nic",
      "email": "nic@nic.gr",
      "phone": "6977777777"
    },
    "agentInfo": null
  },
  "property": {
    "title": "ΠΑΛΑΙΟ ΦΑΛΗΡΟ 1",
    "details": {
      "id": "cm9yasvxo0003nylk2b2lz8lb",
      "location": "αιολου  61, Αθηνα, Αττικη",
      "price": 1200000,
      "bedrooms": 0,
      "bathrooms": 0,
      "area": 0,
      "featuresCount": 0,
      "imagesCount": 0
    }
  },
  "updates": {
    "totalUpdates": 0,
    "updatesByCategory": {
      "appointment": 0,
      "offer": 0,
      "contract": 0,
      "payment": 0,
      "completion": 0,
      "general": 0
    },
    "unreadUpdates": 0
  },
  "currentStage": "PENDING"
}

[2025-05-09T09:48:59.017Z] LeadDetailsModal - INITIAL_DATA
{
  "lead": {
    "id": "hmnbf3j35bi7fzzyqq7khm06",
    "status": "PENDING",
    "createdAt": "2025-05-09T08:36:47.725Z",
    "updatedAt": "2025-05-09T08:36:47.725Z",
    "buyerInfo": {
      "name": "nic",
      "email": "nic@nic.gr",
      "phone": "6977777777"
    },
    "agentInfo": null
  },
  "property": {
    "title": "ΠΑΛΑΙΟ ΦΑΛΗΡΟ 1",
    "details": {
      "id": "cm9yasvxo0003nylk2b2lz8lb",
      "location": "αιολου  61, Αθηνα, Αττικη",
      "price": 1200000,
      "bedrooms": 0,
      "bathrooms": 0,
      "area": 0,
      "featuresCount": 0,
      "imagesCount": 0
    }
  },
  "updates": {
    "totalUpdates": 0,
    "updatesByCategory": {
      "appointment": 0,
      "offer": 0,
      "contract": 0,
      "payment": 0,
      "completion": 0,
      "general": 0
    },
    "unreadUpdates": 0
  },
  "currentStage": "PENDING"
}

[2025-05-09T10:13:12.944Z] LeadDetailsModal - INITIAL_DATA
{
  "lead": {
    "id": "r02luozc9jmm0jwt44hp7qu2",
    "status": "PENDING",
    "createdAt": "2025-05-09T10:11:13.842Z",
    "updatedAt": "2025-05-09T10:11:13.842Z",
    "buyerInfo": {
      "name": "bobi",
      "email": "bobi@bobi.gr",
      "phone": "6933333333"
    },
    "agentInfo": null
  },
  "property": {
    "title": "ΠΑΛΑΙΟ ΦΑΛΗΡΟ 1",
    "details": {
      "id": "cm9yasvxo0003nylk2b2lz8lb",
      "location": "αιολου  61, Αθηνα, Αττικη",
      "price": 1200000,
      "bedrooms": 0,
      "bathrooms": 0,
      "area": 0,
      "featuresCount": 0,
      "imagesCount": 0
    }
  },
  "updates": {
    "totalUpdates": 0,
    "updatesByCategory": {
      "appointment": 0,
      "offer": 0,
      "contract": 0,
      "payment": 0,
      "completion": 0,
      "general": 0
    },
    "unreadUpdates": 0
  },
  "currentStage": "PENDING"
}

[2025-05-09T10:13:12.946Z] LeadDetailsModal - INITIAL_DATA
{
  "lead": {
    "id": "r02luozc9jmm0jwt44hp7qu2",
    "status": "PENDING",
    "createdAt": "2025-05-09T10:11:13.842Z",
    "updatedAt": "2025-05-09T10:11:13.842Z",
    "buyerInfo": {
      "name": "bobi",
      "email": "bobi@bobi.gr",
      "phone": "6933333333"
    },
    "agentInfo": null
  },
  "property": {
    "title": "ΠΑΛΑΙΟ ΦΑΛΗΡΟ 1",
    "details": {
      "id": "cm9yasvxo0003nylk2b2lz8lb",
      "location": "αιολου  61, Αθηνα, Αττικη",
      "price": 1200000,
      "bedrooms": 0,
      "bathrooms": 0,
      "area": 0,
      "featuresCount": 0,
      "imagesCount": 0
    }
  },
  "updates": {
    "totalUpdates": 0,
    "updatesByCategory": {
      "appointment": 0,
      "offer": 0,
      "contract": 0,
      "payment": 0,
      "completion": 0,
      "general": 0
    },
    "unreadUpdates": 0
  },
  "currentStage": "PENDING"
}

[2025-05-09T10:13:41.536Z] LeadDetailsModal - INITIAL_DATA
{
  "lead": {
    "id": "qxjbo1wr8c62fhca5chryaz4",
    "status": "PENDING",
    "createdAt": "2025-05-09T09:59:08.238Z",
    "updatedAt": "2025-05-09T09:59:08.238Z",
    "buyerInfo": {
      "name": "lima ",
      "email": "lima@lima.gr",
      "phone": "6955555555"
    },
    "agentInfo": null
  },
  "property": {
    "title": "ΠΑΛΑΙΟ ΦΑΛΗΡΟ 1",
    "details": {
      "id": "cm9yasvxo0003nylk2b2lz8lb",
      "location": "αιολου  61, Αθηνα, Αττικη",
      "price": 1200000,
      "bedrooms": 0,
      "bathrooms": 0,
      "area": 0,
      "featuresCount": 0,
      "imagesCount": 0
    }
  },
  "updates": {
    "totalUpdates": 0,
    "updatesByCategory": {
      "appointment": 0,
      "offer": 0,
      "contract": 0,
      "payment": 0,
      "completion": 0,
      "general": 0
    },
    "unreadUpdates": 0
  },
  "currentStage": "PENDING"
}

[2025-05-09T10:13:41.538Z] LeadDetailsModal - INITIAL_DATA
{
  "lead": {
    "id": "qxjbo1wr8c62fhca5chryaz4",
    "status": "PENDING",
    "createdAt": "2025-05-09T09:59:08.238Z",
    "updatedAt": "2025-05-09T09:59:08.238Z",
    "buyerInfo": {
      "name": "lima ",
      "email": "lima@lima.gr",
      "phone": "6955555555"
    },
    "agentInfo": null
  },
  "property": {
    "title": "ΠΑΛΑΙΟ ΦΑΛΗΡΟ 1",
    "details": {
      "id": "cm9yasvxo0003nylk2b2lz8lb",
      "location": "αιολου  61, Αθηνα, Αττικη",
      "price": 1200000,
      "bedrooms": 0,
      "bathrooms": 0,
      "area": 0,
      "featuresCount": 0,
      "imagesCount": 0
    }
  },
  "updates": {
    "totalUpdates": 0,
    "updatesByCategory": {
      "appointment": 0,
      "offer": 0,
      "contract": 0,
      "payment": 0,
      "completion": 0,
      "general": 0
    },
    "unreadUpdates": 0
  },
  "currentStage": "PENDING"
}

[2025-05-09T10:14:12.094Z] LeadDetailsModal - INITIAL_DATA
{
  "lead": {
    "id": "qxjbo1wr8c62fhca5chryaz4",
    "status": "PENDING",
    "createdAt": "2025-05-09T09:59:08.238Z",
    "updatedAt": "2025-05-09T09:59:08.238Z",
    "buyerInfo": {
      "name": "lima ",
      "email": "lima@lima.gr",
      "phone": "6955555555"
    },
    "agentInfo": null
  },
  "property": {
    "title": "ΠΑΛΑΙΟ ΦΑΛΗΡΟ 1",
    "details": {
      "id": "cm9yasvxo0003nylk2b2lz8lb",
      "location": "αιολου  61, Αθηνα, Αττικη",
      "price": 1200000,
      "bedrooms": 0,
      "bathrooms": 0,
      "area": 0,
      "featuresCount": 0,
      "imagesCount": 0
    }
  },
  "updates": {
    "totalUpdates": 0,
    "updatesByCategory": {
      "appointment": 0,
      "offer": 0,
      "contract": 0,
      "payment": 0,
      "completion": 0,
      "general": 0
    },
    "unreadUpdates": 0
  },
  "currentStage": "PENDING"
}

[2025-05-09T10:14:12.096Z] LeadDetailsModal - INITIAL_DATA
{
  "lead": {
    "id": "qxjbo1wr8c62fhca5chryaz4",
    "status": "PENDING",
    "createdAt": "2025-05-09T09:59:08.238Z",
    "updatedAt": "2025-05-09T09:59:08.238Z",
    "buyerInfo": {
      "name": "lima ",
      "email": "lima@lima.gr",
      "phone": "6955555555"
    },
    "agentInfo": null
  },
  "property": {
    "title": "ΠΑΛΑΙΟ ΦΑΛΗΡΟ 1",
    "details": {
      "id": "cm9yasvxo0003nylk2b2lz8lb",
      "location": "αιολου  61, Αθηνα, Αττικη",
      "price": 1200000,
      "bedrooms": 0,
      "bathrooms": 0,
      "area": 0,
      "featuresCount": 0,
      "imagesCount": 0
    }
  },
  "updates": {
    "totalUpdates": 0,
    "updatesByCategory": {
      "appointment": 0,
      "offer": 0,
      "contract": 0,
      "payment": 0,
      "completion": 0,
      "general": 0
    },
    "unreadUpdates": 0
  },
  "currentStage": "PENDING"
}

[2025-05-09T10:16:46.388Z] LeadDetailsModal - INITIAL_DATA
{
  "lead": {
    "id": "7119d613-b256-470b-bc93-0b85fe04266c",
    "status": "PENDING",
    "createdAt": "2025-05-09T10:14:56.716Z",
    "updatedAt": "2025-05-09T10:14:56.716Z",
    "buyerInfo": {
      "name": "lima ",
      "email": "lima@lima.gr",
      "phone": "6955555555"
    },
    "agentInfo": null
  },
  "property": {
    "title": "AKINHTO 1",
    "details": {
      "id": "cm9ybmfo9000bnylkzzkct06l",
      "location": "τεστ 7, τεστ1, τεστ1",
      "price": 200000,
      "bedrooms": 0,
      "bathrooms": 0,
      "area": 0,
      "featuresCount": 0,
      "imagesCount": 0
    }
  },
  "updates": {
    "totalUpdates": 0,
    "updatesByCategory": {
      "appointment": 0,
      "offer": 0,
      "contract": 0,
      "payment": 0,
      "completion": 0,
      "general": 0
    },
    "unreadUpdates": 0
  },
  "currentStage": "PENDING"
}

[2025-05-09T10:16:46.390Z] LeadDetailsModal - INITIAL_DATA
{
  "lead": {
    "id": "7119d613-b256-470b-bc93-0b85fe04266c",
    "status": "PENDING",
    "createdAt": "2025-05-09T10:14:56.716Z",
    "updatedAt": "2025-05-09T10:14:56.716Z",
    "buyerInfo": {
      "name": "lima ",
      "email": "lima@lima.gr",
      "phone": "6955555555"
    },
    "agentInfo": null
  },
  "property": {
    "title": "AKINHTO 1",
    "details": {
      "id": "cm9ybmfo9000bnylkzzkct06l",
      "location": "τεστ 7, τεστ1, τεστ1",
      "price": 200000,
      "bedrooms": 0,
      "bathrooms": 0,
      "area": 0,
      "featuresCount": 0,
      "imagesCount": 0
    }
  },
  "updates": {
    "totalUpdates": 0,
    "updatesByCategory": {
      "appointment": 0,
      "offer": 0,
      "contract": 0,
      "payment": 0,
      "completion": 0,
      "general": 0
    },
    "unreadUpdates": 0
  },
  "currentStage": "PENDING"
}

[2025-05-09T14:53:22.068Z] LeadDetailsModal - INITIAL_DATA
{
  "lead": {
    "id": "r02luozc9jmm0jwt44hp7qu2",
    "status": "PENDING",
    "createdAt": "2025-05-09T10:11:13.842Z",
    "updatedAt": "2025-05-09T10:11:13.842Z",
    "buyerInfo": {
      "name": "bobi",
      "email": "bobi@bobi.gr",
      "phone": "6933333333"
    },
    "agentInfo": null
  },
  "property": {
    "title": "ΠΑΛΑΙΟ ΦΑΛΗΡΟ 1",
    "details": {
      "id": "cm9yasvxo0003nylk2b2lz8lb",
      "location": "αιολου  61, Αθηνα, Αττικη",
      "price": 1200000,
      "bedrooms": 0,
      "bathrooms": 0,
      "area": 0,
      "featuresCount": 0,
      "imagesCount": 0
    }
  },
  "updates": {
    "totalUpdates": 0,
    "updatesByCategory": {
      "appointment": 0,
      "offer": 0,
      "contract": 0,
      "payment": 0,
      "completion": 0,
      "general": 0
    },
    "unreadUpdates": 0
  },
  "currentStage": "PENDING"
}

[2025-05-09T14:53:22.073Z] LeadDetailsModal - INITIAL_DATA
{
  "lead": {
    "id": "r02luozc9jmm0jwt44hp7qu2",
    "status": "PENDING",
    "createdAt": "2025-05-09T10:11:13.842Z",
    "updatedAt": "2025-05-09T10:11:13.842Z",
    "buyerInfo": {
      "name": "bobi",
      "email": "bobi@bobi.gr",
      "phone": "6933333333"
    },
    "agentInfo": null
  },
  "property": {
    "title": "ΠΑΛΑΙΟ ΦΑΛΗΡΟ 1",
    "details": {
      "id": "cm9yasvxo0003nylk2b2lz8lb",
      "location": "αιολου  61, Αθηνα, Αττικη",
      "price": 1200000,
      "bedrooms": 0,
      "bathrooms": 0,
      "area": 0,
      "featuresCount": 0,
      "imagesCount": 0
    }
  },
  "updates": {
    "totalUpdates": 0,
    "updatesByCategory": {
      "appointment": 0,
      "offer": 0,
      "contract": 0,
      "payment": 0,
      "completion": 0,
      "general": 0
    },
    "unreadUpdates": 0
  },
  "currentStage": "PENDING"
}

