[2025-07-14T08:11:38.048Z] LeadDetailsModal - INITIAL_DATA
{
  "lead": {
    "id": "cmcx3jmlc0007ny7serb8ysyd",
    "status": "PENDING",
    "createdAt": "2025-07-10T07:58:56.544Z",
    "updatedAt": "2025-07-10T07:58:56.544Z",
    "buyerInfo": {
      "name": "andreas",
      "email": "andreas@andreas.gr",
      "phone": null
    },
    "agentInfo": null,
    "notes": null
  },
  "property": {
    "title": "Countyside Villa Bonora",
    "details": {
      "id": "cmcx1zg4o0001nyy47yr0fhoy",
      "location": "Skala, Ratzakli -",
      "price": 1300000,
      "bedrooms": 2,
      "bathrooms": 2,
      "area": 130,
      "featuresCount": 0,
      "imagesCount": 4
    }
  },
  "updates": {
    "totalUpdates": 0,
    "updatesByCategory": {
      "appointment": 0,
      "offer": 0,
      "contract": 0,
      "payment": 0,
      "completion": 0,
      "general": 0
    },
    "unreadUpdates": 0
  },
  "currentStage": "PENDING"
}

[2025-07-14T08:11:38.050Z] LeadDetailsModal - INITIAL_DATA
{
  "lead": {
    "id": "cmcx3jmlc0007ny7serb8ysyd",
    "status": "PENDING",
    "createdAt": "2025-07-10T07:58:56.544Z",
    "updatedAt": "2025-07-10T07:58:56.544Z",
    "buyerInfo": {
      "name": "andreas",
      "email": "andreas@andreas.gr",
      "phone": null
    },
    "agentInfo": null,
    "notes": null
  },
  "property": {
    "title": "Countyside Villa Bonora",
    "details": {
      "id": "cmcx1zg4o0001nyy47yr0fhoy",
      "location": "Skala, Ratzakli -",
      "price": 1300000,
      "bedrooms": 2,
      "bathrooms": 2,
      "area": 130,
      "featuresCount": 0,
      "imagesCount": 4
    }
  },
  "updates": {
    "totalUpdates": 0,
    "updatesByCategory": {
      "appointment": 0,
      "offer": 0,
      "contract": 0,
      "payment": 0,
      "completion": 0,
      "general": 0
    },
    "unreadUpdates": 0
  },
  "currentStage": "PENDING"
}

[2025-07-14T08:13:35.247Z] LeadDetailsModal - INITIAL_DATA
{
  "lead": {
    "id": "cmcyuqsp00007nyrcgry2sj4w",
    "status": "MEETING_SCHEDULED",
    "createdAt": "2025-07-11T13:28:06.853Z",
    "updatedAt": "2025-07-11T17:10:19.139Z",
    "buyerInfo": {
      "id": "cm9yaqlg00001nylkww1jvys6",
      "name": "SELLER",
      "email": "SELLER@SELLER.GR",
      "phone": "6909898989"
    },
    "agentInfo": null,
    "notes": ""
  },
  "property": {
    "title": "Countyside Villa Bonora",
    "details": {
      "id": "cmcx1zg4o0001nyy47yr0fhoy",
      "price": 1300000,
      "bedrooms": 2,
      "bathrooms": 2,
      "area": 130,
      "imagesCount": 4
    }
  },
  "updates": {
    "totalUpdates": 13,
    "updatesByCategory": {
      "appointment": 0,
      "offer": 0,
      "contract": 0,
      "payment": 0,
      "completion": 0,
      "general": 13
    },
    "unreadUpdates": 0
  },
  "currentStage": "MEETING_SCHEDULED"
}

[2025-07-14T08:13:35.250Z] LeadDetailsModal - INITIAL_DATA
{
  "lead": {
    "id": "cmcyuqsp00007nyrcgry2sj4w",
    "status": "MEETING_SCHEDULED",
    "createdAt": "2025-07-11T13:28:06.853Z",
    "updatedAt": "2025-07-11T17:10:19.139Z",
    "buyerInfo": {
      "id": "cm9yaqlg00001nylkww1jvys6",
      "name": "SELLER",
      "email": "SELLER@SELLER.GR",
      "phone": "6909898989"
    },
    "agentInfo": null,
    "notes": ""
  },
  "property": {
    "title": "Countyside Villa Bonora",
    "details": {
      "id": "cmcx1zg4o0001nyy47yr0fhoy",
      "price": 1300000,
      "bedrooms": 2,
      "bathrooms": 2,
      "area": 130,
      "imagesCount": 4
    }
  },
  "updates": {
    "totalUpdates": 13,
    "updatesByCategory": {
      "appointment": 0,
      "offer": 0,
      "contract": 0,
      "payment": 0,
      "completion": 0,
      "general": 13
    },
    "unreadUpdates": 0
  },
  "currentStage": "MEETING_SCHEDULED"
}

[2025-07-14T08:14:14.597Z] LeadDetailsModal - INITIAL_DATA
{
  "lead": {
    "id": "cmcub7jp80005nykopttbrafx",
    "status": "PENDING",
    "createdAt": "2025-07-08T09:10:11.324Z",
    "updatedAt": "2025-07-08T09:10:11.312Z",
    "buyerInfo": {
      "name": "πανα τρ",
      "email": "panatr@pana.gr",
      "phone": "6911111111"
    },
    "agentInfo": {
      "name": "πανα τρ",
      "email": "panatr@pana.gr",
      "phone": "6911111111"
    },
    "notes": "Connection established directly by buyer."
  },
  "property": {
    "title": "Ακινητο Οικοπεδο Φισκαρδο ",
    "details": {
      "id": "cmcln7sv40001ny90bh70hule",
      "location": "- -, Φισκαρδο, Κεφαλονια",
      "price": 2000000,
      "bedrooms": 0,
      "bathrooms": 0,
      "area": 345,
      "featuresCount": 0,
      "imagesCount": 0
    }
  },
  "updates": {
    "totalUpdates": 0,
    "updatesByCategory": {
      "appointment": 0,
      "offer": 0,
      "contract": 0,
      "payment": 0,
      "completion": 0,
      "general": 0
    },
    "unreadUpdates": 0
  },
  "currentStage": "PENDING"
}

[2025-07-14T08:14:14.600Z] LeadDetailsModal - INITIAL_DATA
{
  "lead": {
    "id": "cmcub7jp80005nykopttbrafx",
    "status": "PENDING",
    "createdAt": "2025-07-08T09:10:11.324Z",
    "updatedAt": "2025-07-08T09:10:11.312Z",
    "buyerInfo": {
      "name": "πανα τρ",
      "email": "panatr@pana.gr",
      "phone": "6911111111"
    },
    "agentInfo": {
      "name": "πανα τρ",
      "email": "panatr@pana.gr",
      "phone": "6911111111"
    },
    "notes": "Connection established directly by buyer."
  },
  "property": {
    "title": "Ακινητο Οικοπεδο Φισκαρδο ",
    "details": {
      "id": "cmcln7sv40001ny90bh70hule",
      "location": "- -, Φισκαρδο, Κεφαλονια",
      "price": 2000000,
      "bedrooms": 0,
      "bathrooms": 0,
      "area": 345,
      "featuresCount": 0,
      "imagesCount": 0
    }
  },
  "updates": {
    "totalUpdates": 0,
    "updatesByCategory": {
      "appointment": 0,
      "offer": 0,
      "contract": 0,
      "payment": 0,
      "completion": 0,
      "general": 0
    },
    "unreadUpdates": 0
  },
  "currentStage": "PENDING"
}

[2025-07-14T08:16:32.385Z] LeadDetailsModal - INITIAL_DATA
{
  "lead": {
    "id": "xfk5u52by93y3bw9fdq4d0he",
    "status": "PENDING",
    "createdAt": "2025-07-14T08:16:29.404Z",
    "updatedAt": "2025-07-14T08:16:29.394Z",
    "buyerInfo": {
      "name": "nikos",
      "email": "nikos@nikos.gr",
      "phone": "6900000000"
    },
    "agentInfo": {
      "name": "nikos",
      "email": "nikos@nikos.gr",
      "phone": "6900000000"
    },
    "notes": "Initial connection established"
  },
  "property": {
    "title": "Ακινητο Οικοπεδο Φισκαρδο ",
    "details": {
      "id": "cmcln7sv40001ny90bh70hule",
      "location": "- -, Φισκαρδο, Κεφαλονια",
      "price": 2000000,
      "bedrooms": 0,
      "bathrooms": 0,
      "area": 345,
      "featuresCount": 0,
      "imagesCount": 0
    }
  },
  "updates": {
    "totalUpdates": 0,
    "updatesByCategory": {
      "appointment": 0,
      "offer": 0,
      "contract": 0,
      "payment": 0,
      "completion": 0,
      "general": 0
    },
    "unreadUpdates": 0
  },
  "currentStage": "PENDING"
}

[2025-07-14T08:16:32.389Z] LeadDetailsModal - INITIAL_DATA
{
  "lead": {
    "id": "xfk5u52by93y3bw9fdq4d0he",
    "status": "PENDING",
    "createdAt": "2025-07-14T08:16:29.404Z",
    "updatedAt": "2025-07-14T08:16:29.394Z",
    "buyerInfo": {
      "name": "nikos",
      "email": "nikos@nikos.gr",
      "phone": "6900000000"
    },
    "agentInfo": {
      "name": "nikos",
      "email": "nikos@nikos.gr",
      "phone": "6900000000"
    },
    "notes": "Initial connection established"
  },
  "property": {
    "title": "Ακινητο Οικοπεδο Φισκαρδο ",
    "details": {
      "id": "cmcln7sv40001ny90bh70hule",
      "location": "- -, Φισκαρδο, Κεφαλονια",
      "price": 2000000,
      "bedrooms": 0,
      "bathrooms": 0,
      "area": 345,
      "featuresCount": 0,
      "imagesCount": 0
    }
  },
  "updates": {
    "totalUpdates": 0,
    "updatesByCategory": {
      "appointment": 0,
      "offer": 0,
      "contract": 0,
      "payment": 0,
      "completion": 0,
      "general": 0
    },
    "unreadUpdates": 0
  },
  "currentStage": "PENDING"
}

